[debug] ----------------------------------------------------------------------
[debug] Command:      /usr/local/bin/node /usr/local/bin/firebase serve
[debug] CLI Version:  3.9.0
[debug] Platform:     darwin
[debug] Node Version: v4.4.7
[debug] Time:         Sun May 28 2017 14:28:45 GMT-0400 (EDT)
[debug] ----------------------------------------------------------------------
[debug] 
[debug] > command requires scopes: ["email","openid","https://www.googleapis.com/auth/cloudplatformprojects.readonly","https://www.googleapis.com/auth/firebase","https://www.googleapis.com/auth/cloud-platform"]
[debug] > refreshing access token with scopes: ["email","https://www.googleapis.com/auth/cloud-platform","https://www.googleapis.com/auth/cloudplatformprojects.readonly","https://www.googleapis.com/auth/firebase","openid"]
[debug] >>> HTTP REQUEST POST https://www.googleapis.com/oauth2/v3/token { refresh_token: '1/-Wb09-OYccHr5oQt5IbmlZYD_vGMW_BV-NfxpoMZO4A',
  client_id: '563584335869-fgrhgmd47bqnekij5i8b5pr03ho849e6.apps.googleusercontent.com',
  client_secret: 'j9iVZfS8kkCEFUPaAeJV0sAi',
  grant_type: 'refresh_token',
  scope: 'email https://www.googleapis.com/auth/cloud-platform https://www.googleapis.com/auth/cloudplatformprojects.readonly https://www.googleapis.com/auth/firebase openid' } 
 Sun May 28 2017 14:28:45 GMT-0400 (EDT)
[debug] <<< HTTP RESPONSE 200
[debug] >>> HTTP REQUEST GET https://admin.firebase.com/v1/projects/moni-and-keylas-countdown  
 Sun May 28 2017 14:28:45 GMT-0400 (EDT)
[debug] <<< HTTP RESPONSE 200
[debug] >>> HTTP REQUEST GET https://admin.firebase.com/v1/database/moni-and-keylas-countdown/tokens  
 Sun May 28 2017 14:28:46 GMT-0400 (EDT)
[debug] <<< HTTP RESPONSE 200
[info] 
[info] === Serving from '/Users/ginoandre'...
[info] 
[debug] >>> HTTP REQUEST GET https://cloudresourcemanager.googleapis.com/v1/projects/moni-and-keylas-countdown  
 Sun May 28 2017 14:28:46 GMT-0400 (EDT)
[debug] <<< HTTP RESPONSE 200
[debug] >>> HTTP REQUEST GET https://mobilesdk-pa.googleapis.com/v1/projects/683745140654/clients/_:getWebAppConfig  
 Sun May 28 2017 14:28:46 GMT-0400 (EDT)
[debug] <<< HTTP RESPONSE 200
[info] i  hosting: Serving hosting files from: public
[info] ✔  hosting: Local server: http://localhost:5000

